  main.cpp
C:\Users\miss\Desktop\externo - Copy\externo\main.cpp(43,36): warning C4244: 'argument': conversion from 'uintptr_t' to 'DWORD', possible loss of data
C:\Users\miss\Desktop\externo - Copy\externo\main.cpp(65,81): warning C4244: 'argument': conversion from 'float' to 'int', possible loss of data
C:\Users\miss\Desktop\externo - Copy\externo\main.cpp(65,68): warning C4244: 'argument': conversion from 'float' to 'int', possible loss of data
C:\Users\miss\Desktop\externo - Copy\externo\main.cpp(65,64): warning C4244: 'argument': conversion from 'float' to 'int', possible loss of data
C:\Users\miss\Desktop\externo - Copy\externo\main.cpp(65,38): warning C4244: 'argument': conversion from 'double' to 'int', possible loss of data
C:\Users\miss\Desktop\externo - Copy\externo\main.cpp(66,71): warning C4244: 'argument': conversion from 'float' to 'int', possible loss of data
C:\Users\miss\Desktop\externo - Copy\externo\main.cpp(66,58): warning C4244: 'argument': conversion from 'float' to 'int', possible loss of data
C:\Users\miss\Desktop\externo - Copy\externo\main.cpp(66,54): warning C4244: 'argument': conversion from 'float' to 'int', possible loss of data
C:\Users\miss\Desktop\externo - Copy\externo\main.cpp(66,28): warning C4244: 'argument': conversion from 'double' to 'int', possible loss of data
C:\Users\miss\Desktop\externo - Copy\externo\main.cpp(15,10): warning C4101: 'posLocal': unreferenced local variable
C:\Users\miss\Desktop\externo - Copy\externo\main.cpp(86,37): warning C4244: 'argument': conversion from 'uintptr_t' to 'DWORD', possible loss of data
C:\Users\miss\Desktop\externo - Copy\externo\main.cpp(100,36): warning C4244: 'argument': conversion from 'uintptr_t' to 'DWORD', possible loss of data
C:\Users\miss\Desktop\externo - Copy\externo\main.cpp(104,36): warning C4244: 'argument': conversion from 'uintptr_t' to 'DWORD', possible loss of data
C:\Users\miss\Desktop\externo - Copy\externo\main.cpp(105,36): warning C4244: 'argument': conversion from 'uintptr_t' to 'DWORD', possible loss of data
C:\Users\miss\Desktop\externo - Copy\externo\main.cpp(106,36): warning C4244: 'argument': conversion from 'uintptr_t' to 'DWORD', possible loss of data
C:\Users\miss\Desktop\externo - Copy\externo\main.cpp(110,36): warning C4244: 'argument': conversion from 'uintptr_t' to 'DWORD', possible loss of data
C:\Users\miss\Desktop\externo - Copy\externo\main.cpp(142,20): warning C4244: 'argument': conversion from 'uintptr_t' to 'DWORD', possible loss of data
C:\Users\miss\Desktop\externo - Copy\externo\main.cpp(143,20): warning C4244: 'argument': conversion from 'uintptr_t' to 'DWORD', possible loss of data
C:\Users\miss\Desktop\externo - Copy\externo\main.cpp(144,20): warning C4244: 'argument': conversion from 'uintptr_t' to 'DWORD', possible loss of data
C:\Users\miss\Desktop\externo - Copy\externo\main.cpp(145,20): warning C4244: 'argument': conversion from 'uintptr_t' to 'DWORD', possible loss of data
C:\Users\miss\Desktop\externo - Copy\externo\main.cpp(146,20): warning C4244: 'argument': conversion from 'uintptr_t' to 'DWORD', possible loss of data
C:\Users\miss\Desktop\externo - Copy\externo\main.cpp(147,21): warning C4244: 'argument': conversion from 'uintptr_t' to 'DWORD', possible loss of data
C:\Users\miss\Desktop\externo - Copy\externo\main.cpp(180,18): warning C4244: '=': conversion from 'double' to 'float', possible loss of data
C:\Users\miss\Desktop\externo - Copy\externo\main.cpp(158,10): warning C4101: 'screenheadpos': unreferenced local variable
C:\Users\miss\Desktop\externo - Copy\externo\main.cpp(203,41): warning C4244: 'argument': conversion from 'uintptr_t' to 'DWORD', possible loss of data
C:\Users\miss\Desktop\externo - Copy\externo\mem.h(84,1): warning C4312: 'type cast': conversion from 'DWORD' to 'PVOID' of greater size
C:\Users\miss\Desktop\externo - Copy\externo\main.cpp(86): message : see reference to function template instantiation 'void WPM<int>(dataType,DWORD)' being compiled
          with
          [
              dataType=int
          ]
  externo.vcxproj -> C:\Users\miss\Desktop\externo - Copy\x64\Debug\externo.exe
